2147483569
2147467053
2147477388
2147448753
2147473002
2147482408
2147457901
2147457569
2147481903
2147483439
2147475815
2147478591
2147444310
2147459448
2147481795
2147475605
2147472586
2147479582
2147476404
2147473508
2147462458
2147413438
2147480282
2147482705
2147480306
2147479584
2147479643
2147482422
2147482314
2147471894
2147480328
2147479647
2147472575
2147479715
2147481235
2147480563
2147472922
2147453436
2147441200
2147444716
2147481140
2147458838
2147439012
2147459533
2147479757
2147458346
2147469829
2147473357
2147480955
2147435070
2147448661
2147479700
2147480668
2147476572
2147480899
2147473629
2147478089
2147483109
2147473806
2147481949
2147482063
2147464756
2147448468
2147477137
2147425178
2147474534
2147477246
2147476127
2147481595
2147478673
2147477196
2147482446
2147474611
2147468714
2147463394
2147458032
2147474490
2147482357
2147476457
2147481786
2147461916
2147461428
2147476391
2147480508
2147468563
2147462115
2147482807
2147456630
2147479214
2147469914
2147477014
2147477023
2147478149
2147471153
2147481353
2147427103
2147450866
2147466605
2147452305
-1000000000
