2 >> 3 : 1.41421
4 >> 7 : 2
9 >> 13 : 3
16 >> 31 : 4
25 >> 31 : 5
64 >> 127 : 8
289 >> 307 : 17
729 >> 1093 : 27
1681 >> 1723 : 41
2401 >> 2801 : 49
3481 >> 3541 : 59
4096 >> 8191 : 64
5041 >> 5113 : 71
7921 >> 8011 : 89
10201 >> 10303 : 101
15625 >> 19531 : 125
17161 >> 17293 : 131
27889 >> 28057 : 167
28561 >> 30941 : 169
29929 >> 30103 : 173
65536 >> 131071 : 256
83521 >> 88741 : 289
85849 >> 86143 : 293
146689 >> 147073 : 383
262144 >> 524287 : 512
279841 >> 292561 : 529
458329 >> 459007 : 677
491401 >> 492103 : 701
531441 >> 797161 : 729
552049 >> 552793 : 743
579121 >> 579883 : 761
597529 >> 598303 : 773
683929 >> 684757 : 827
703921 >> 704761 : 839
707281 >> 732541 : 841
734449 >> 735307 : 857
829921 >> 830833 : 911
1
