115306523
77141958
154483654
212371040
6402975
23509475
99700079
56321728
18117468
6622925
138927233
11787910
198219994
130720824
139786733
134758971
7867277
263894647
14641174
30060560
58453543
15078311
196752498
31206500
1081774
22246248
102058318
182298064
318605211
775801
177745504
12925018
8943354
191426447
2372794
254000764
79788826
175924858
51463192
44704262
177542401
166709266
79698856
141255135
13768731
75108627
276731824
10214050
225996256
6624887
21067158
2910181
253174
117419323
9019671
8118891
41271361
8712289
253420621
29410878
97332494
27960202
13291453
18975910
236844040
48014819
15751121
47894049
26369349
42798133
51816105
87832280
42892447
18488050
240678906
85338096
4292306
1416173
34491657
17358254
44442415
19001016
290014034
56586443
213782997
13873158
10892807
16657516
53014333
183871467
15461587
240697355
6210049
109387011
2084426
73746198
162339157
22710696
110256044
33368449
22663597
7515262
69344644
68036754
83123585
24877981
33098675
6387360
79834087
60800346
101278044
11159483
73668179
32341067
29760206
34522757
14536426
10754256
68215
70547271
63738599
47883630
11952074
110333512
157735008
136149
53809732
76471826
2549703
237678881
68180669
281299258
19421346
64576939
33363879
88240922
175658412
919704
42663054
23901048
60574379
102390335
454674
93975405
18101612
28563378
8561585
18577927
203865861
227194883
6254988
118056071
209423585
23295553
131966717
35761428
196565366
10703410
112218919
14587934
16030135
30500323
23503351
193818326
901878
194730884
166749378
18819805
103574982
82474333
18203892
96785798
93530480
16160796
92006867
56541102
14936498
21777395
25832146
171040660
185444863
58709165
55853335
35523721
14476481
28976593
32640161
2475678
71757452
51482978
60169136
104119969
290739066
27248597
10503460
127336614
143828446
7445932
6527016
95418168
