babbbaaabababaaababab
aaaaaaab
ababaabbabaaabbbab
bbbbabaabbbaaaabb
bbbbabaabbbaaaabb
bbbbabaabbbaaaabb
aaababaaaababbababa
aaababaaaababbababa
bbababbbbbaababbbbabbbbaabbb
aaaaaaab
aaaaaaab
bbbbabaabbbaaaabb
bbbbabaabbbaaaabb
bbababbbbbaababbbbabbbbaabbb
aababbbabbaaababaa
aaababaaaababbababa
bbbbabaabbbaaaabb
bababaaaab
aababbbabbaaababaa
bbbbabaabbbaaaabb
aaababaaaababbababa
aababbbabbaaababaa
bbababbbbbaababbbbabbbbaabbb
aaaaaaab
aaababaaaababbababa
bababaaaab
aaaaaaab
bababbbbbabaaaa
ababaabbabaaabbbab
aaababaaaababbababa
babbbaaabababaaababab
ababaabbabaaabbbab
ababaabbabaaabbbab
aaababaaaababbababa
aaababaaaababbababa
aaababaaaababbababa
aaababaaaababbababa
aaababaaaababbababa
aababbbabbaaababaa
aaababaaaababbababa
aaaaaaab
aaaaaaab
aaababaaaababbababa
aaababaaaababbababa
bbbbabaabbbaaaabb
aaaaaaab
bbbbabaabbbaaaabb
ababaabbabaaabbbab
bbababbbbbaababbbbabbbbaabbb
aaababaaaababbababa
aaababaaaababbababa
aaababaaaababbababa
aaababaaaababbababa
bbababbbbbaababbbbabbbbaabbb
aaababaaaababbababa
aaababaaaababbababa
aaababaaaababbababa
aaaaaaab
ababaabbabaaabbbab
bababbbbbabaaaa
aaaaaaab
aaababaaaababbababa
aaababaaaababbababa
aababbbabbaaababaa
aaaaaaab
aaababaaaababbababa
aaaaaaab
aaababaaaababbababa
bababbbbbabaaaa
aababbbabbaaababaa
aaaaaaab
aababbbabbaaababaa
aababbbabbaaababaa
aababbbabbaaababaa
bababbbbbabaaaa
aababbbabbaaababaa
ababaabbabaaabbbab
aababbbabbaaababaa
aababbbabbaaababaa
aaababaaaababbababa
babbbaaabababaaababab
aaaaaaab
aababbbabbaaababaa
aaaaaaab
aaababaaaababbababa
bbababbbbbaababbbbabbbbaabbb
bababaaaab
bababbbbbabaaaa
aaababaaaababbababa
bbababbbbbaababbbbabbbbaabbb
bbbbabaabbbaaaabb
ababaabbabaaabbbab
bababbbbbabaaaa
aababbbabbaaababaa
aaababaaaababbababa
aaababaaaababbababa
baaaabbaababaa
aaababaaaababbababa
baaaabbaababaa
aababbbabbaaababaa
bbababbbbbaababbbbabbbbaabbb
aaababaaaababbababa
aababbbabbaaababaa
bbababbbbbaababbbbabbbbaabbb
aaababaaaababbababa
bababaaaab
bbbbabaabbbaaaabb
aaababaaaababbababa
aaababaaaababbababa
bbababbbbbaababbbbabbbbaabbb
bbababbbbbaababbbbabbbbaabbb
aaaaaaab
aaababaaaababbababa
aaaaaaab
bbababbbbbaababbbbabbbbaabbb
aaaaaaab
aaaaaaab
aaaaaaab
bababbbbbabaaaa
babbbaaabababaaababab
bababbbbbabaaaa
aaababaaaababbababa
bababbbbbabaaaa
ababaabbabaaabbbab
aaaaaaab
bababbbbbabaaaa
aaababaaaababbababa
bbbbabaabbbaaaabb
aaababaaaababbababa
aaaaaaab
bbbbabaabbbaaaabb
ababaabbabaaabbbab
bbbbabaabbbaaaabb
bbababbbbbaababbbbabbbbaabbb
aaababaaaababbababa
bababbbbbabaaaa
aaababaaaababbababa
aaaaaaab
aaababaaaababbababa
aaaaaaab
bbbbabaabbbaaaabb
bababbbbbabaaaa
aaababaaaababbababa
aababbbabbaaababaa
ababaabbabaaabbbab
ababaabbabaaabbbab
aaaaaaab
bbbbabaabbbaaaabb
aaababaaaababbababa
bbababbbbbaababbbbabbbbaabbb
bbababbbbbaababbbbabbbbaabbb
aaaaaaab
bbbbabaabbbaaaabb
bbababbbbbaababbbbabbbbaabbb
aaababaaaababbababa
bbababbbbbaababbbbabbbbaabbb
bababbbbbabaaaa
aababbbabbaaababaa
bbbbabaabbbaaaabb
bbbbabaabbbaaaabb
aaababaaaababbababa
aaababaaaababbababa
aababbbabbaaababaa
bbababbbbbaababbbbabbbbaabbb
aaababaaaababbababa
aaababaaaababbababa
aababbbabbaaababaa
aaaaaaab
ababaabbabaaabbbab
aaaaaaab
baaaabbaababaa
aaababaaaababbababa
aaaaaaab
bbababbbbbaababbbbabbbbaabbb
aaababaaaababbababa
aababbbabbaaababaa
aaaaaaab
aaaaaaab
bbbbabaabbbaaaabb
bababbbbbabaaaa
aaababaaaababbababa
aaababaaaababbababa
aababbbabbaaababaa
aaaaaaab
aababbbabbaaababaa
bababbbbbabaaaa
aaaaaaab
aaababaaaababbababa
aababbbabbaaababaa
aaababaaaababbababa
aababbbabbaaababaa
aababbbabbaaababaa
aaababaaaababbababa
aababbbabbaaababaa
aaababaaaababbababa
bbbbabaabbbaaaabb
aaababaaaababbababa
aaababaaaababbababa
aaababaaaababbababa
aaaaaaab
