aaabbbbaaaabbabbabaabaa
aaabbbbaaaabbabbabaabaa
baaabbbaaaaba
aaabbbbaaaabbabbabaabaa
aaababaaaababbababa
aabbbaabbbbabbabababbbbabb
ababaababaaaababba
aaaababaabbbbabbabbbbbbbbbba
aabbba
aaaaaaab
bbababbbaaabbabbbbbab
bbbbaabbbaabbbbbab
ababaababaaaababba
bbaaabbbaabaaa
aaaaabbbbbaabaabbbabbbbabaab
aaa
baaabbbaaaaba
baaaabbaababaa
baaabbbbbbb
bbbbabaabbbaaaabb
baaabbbbaabbabba
aaaabbbbaaabbaaaaabbbbabbabaa
aaa
baaabbbaaaaba
abbbabbb
aaaaabbaabababbbbaba
aabbbaababaabaaaabbbaaaaa
ababababbaabbab
babaaabaabbbabaabaababa
ababaabbabaaabbbab
aabbabaabaabaabbaaabbab
aaaabba
bbbaabababbbaab
baaabababbabbabbbaabbaaa
aaabbabbabaabb
abbbabbb
bbbbbbbaaaaabbb
aaabbbbaaaabbabbabaabaa
aaabbbbaaaabbabbabaabaa
bbaaabbbaabaaa
aaa
aaaaaaabbaabaabaaababbabbaaaaa
aabbaaaabbaababbbaabbabb
bbababbaababaabbaa
ababababbaabbab
babbbab
ababababbaabbab
abababbbabaaaaaabaabbabaabbbba
bbaabaabab
aabbba
bbaabaabab
bbaaaaabaaaaa
abbbbbbbbabba
baabaabaab
babaabaaaaabaabaababb
bbbbbaaaaaa
baaaabaaabbabbb
ababaababaaaababba
aaaaa
bbaabaabab
aaaabbaababbaaabbbbbbbaaab
bbababbbaaabbabbbbbab
aaaaabb
aaabbbbaaaabbabbabaabaa
ababababaababbbbabbabbaa
babbbab
aaaaaaab
baabaababbaa
bbbababbbbbbaababbbabbbbaaabb
abaabaaaab
aaaabbbababbababbbaabaaab
abaaaabaaaa
aaaaaaab
babbbaaabababaaababab
ababaabbaabbababbaaabbbaab
bbbbaabaababbaaba
abbababaaaababbbbbabababbbbbaa
baabaabaab
abaaaabaaabba
bbaaaaabaaaaa
baabaabababbabaa
aaabbbbaaaabbabbabaabaa
aaa
aabbba
babbbaaabababaaababab
abbabaaababbbabbaababbbaa
aabbbaababaabaaaabbbaaaaa
aaa
aaabbbbaaaabbabbabaabaa
aaababaaaababbababa
aaaabaabbaabaaababaaba
abbababaaaababbbbbabababbbbbaa
aaabbaaabbbababbbb
abbbbaaababaabaabaaaaaab
babbbaaabababaaababab
aaaaabbaabababbbbaba
bbaaabbbaabaaa
abbabbbbbababaabbbbaaa
aaaaaaabbaabaabaaababbabbaaaaa
baaabbbaaaaba
bbaabbbabaababbbbbbababbaaa
ababaabbaabbababbaaabbbaab
baaabbbaaaaba
bababaa
bababaa
aaaababaabbbbabbabbbbbbbbbba
aaabbbbaaaabbabbabaabaa
abaaabbaaaabbbaaababa
babbaaaab
aaaabbbbaaabbaaaaabbbbabbabaa
ababababbaabbab
baabaabaab
bbaabaabab
aabbabaabaabaabbaaabbab
baaabababbabbabbbaabbaaa
baabaababbbba
baabbaaabbbabaabbabbbaaba
aabbabaabaabaabbaaabbab
babbaabbaaaababaababaaaabbbaaa
baabbbbaabbababa
aabbbaabbbbabbabababbbbabb
aaaaabbbbbaabaabbbabbbbabaab
ababaabbabaaabbbab
bbaaabbabbabaaaabaabbabbbb
ababbabbbabbbba
bababaa
abbababaaaababbbbbabababbbbbaa
baaaaaaabaabaaababbbbbbabbaa
aaaaaaab
aaa
aaaaaaab
bbbbabbabbaabababababbabba
bbbababbbbbbaababbbabbbbaaabb
abbaabbbbbaaaaaabbaab
baaaabaaabbabbb
baaaabaaabbabbb
bbaabaabab
aaaabbaababbaaabbbbbbbaaab
bbaaaaabaaaaa
bbbbbbbaaaaabbb
aaababaaaababbababa
babbaba
babbabbbaaaaaaaaaaaba
aabbaaaabbaababbbaabbabb
aabbaaaabbaababbbaabbabb
aabaaababaaab
aaaabbbbaaabbaaaaabbbbabbabaa
baabba
aaa
aaaaabbbbbaabaabbbabbbbabaab
aaaaabbbbbaabaabbbabbbbabaab
abbabaaababbbabbaababbbaa
abaabaaababaabaabaa
bbbaabbabaaab
bbaaabbbaabaaa
aabbba
aaaaabb
babbbaaabababaaababab
aaabbbbaaaabbabbabaabaa
abbababaaaababbbbbabababbbbbaa
baaabbbbbbb
aaaaabbbbbaabaabbbabbbbabaab
abbbabbbbbaaaab
aaa
baabba
abbaabbbbbaaaaaabbaab
aaabbbbbbabbbaababbbabbbb
baaabbaabbbaaabbbbabbab
bbababbabbabbbabaababbaabb
bbbaaabaaababaaababb
aabbba
aaaaabbaabababbbbaba
baabbbaabaa
baaabbbbbbb
baabaabaab
baabbbaabaa
babaaabaabbbabaabaababa
ababaabbabaaabbbab
aaaaabbbbbaabaabbbabbbbabaab
bbaaabbbaabaaa
aaaaabbaabababbbbaba
babaabaaaaabaabaababb
abbbbaababaaabbabbabbabbab
bbababbbaaabbabbbbbab
abbabbbbbababaabbbbaaa
bbababbbaaabbabbbbbab
aaababaaaababbababa
aaaaaaab
aaaaabbaabababbbbaba
aaa
bbaaabbbaabaaa
bbaabaabab
bbababbbbbaababbbbabbbbaabbb
bbababbaababaabbaa
aaa
abbaabbabbaaaaaabbabaab
ababaabbabaaabbbab
abbabbbbbababaabbbbaaa
bbabbabbbaabbbabbabbbaabba
babbaba
