24
66
79213
6358
18759
75847
69828
64283
28789
36376
6246
11005
18923
12326
20542
58510
68196
72006
30472
11113
37186
2984
11466
27488
7030
1919
23109
48000
10408
4654
62475
15416
19181
7926
3956
74019
1466
410
13867
8497
27903
16316
81108
8984
58811
9457
41920
614
31196
23028
28
49
20450
5078
24269
4193
16120
56813
3551
2787
57769
2891
51255
2056
48896
62459
28994
31477
11251
574
2449
11910
3335
71494
28552
38629
55306
26737
11087
29685
10173
80296
12479
18199
243
16286
13869
6931
16335
22859
1887
8340
10296
58727
2536
3986
655
15907
70150
21794
3099
5712
41052
85092
22184
20713
597
56829
9233
38976
29935
9188
22002
42669
39771
17605
5812
44009
44061
40879
34389
1950
18002
211
82474
44129
49255
172
753
69251
34067
615
844
19490
14827
15568
60297
10702
3820
63060
1562
47429
69704
88874
19
4361
28008
35966
31753
5720
1677
19621
40911
3698
1894
49561
37025
17551
8117
82161
1735
11793
19413
14594
25393
24510
6657
33873
66431
46606
7767
12399
9147
78409
209
165
11296
4022
27609
52020
4190
43095
300
10953
31880
93141
12706
3501
40506
28267
19548
43487
16376
13773
18981
44017
40389
7220
40153
61309
37268
8414
16740
15156
9063
31526
91063
18295
34441
25818
53139
6605
35371
21948
10363
1920
30109
20650
69160
62952
34689
10022
669
33726
28747
897
163
3767
2274
10766
7090
7881
28721
68391
78593
27839
17934
25959
325
35029
291
3872
45188
27846
6751
14778
67980
9289
70180
44677
75330
1687
41083
17443
2188
1330
24149
54830
84273
24967
1657
8732
28195
11846
44170
70838
10217
35506
23161
4709
50
4806
11592
9228
12765
27881
39707
3189
7527
282
77235
20890
11751
6660
30401
47827
96358
14161
41264
3269
23989
3165
37200
46674
12991
6813
22367
48046
20737
7726
71145
5595
43418
22191
12374
38985
90665
22718
8438
23310
59335
52344
30337
4961
44818
1017
55668
81357
4064
14153
52853
14881
10045
37008
48309
1446
67301
24751
31012
7764
6484
44710
9154
8709
9990
63898
9179
36548
3930
17888
58079
5022
1503
7894
51437
3853
1466
7671
8398
36938
17037
26967
4974
7311
29471
28791
14788
52675
47701
63912
16182
23787
52905
1937
58314
6063
27939
34471
3249
21357
11278
34370
9860
14929
7614
20264
32973
41328
53047
9465
64173
2041
22962
6252
29274
1571
8175
548
4891
12674
14573
23018
6013
62825
6711
9637
4659
25318
3894
28309
5727
51056
28689
31858
1789
57233
12037
212
56662
5829
24993
495
36418
5011
19830
3213
65250
11304
53387
1042
33972
15402
20174
20009
19231
619
15088
26164
2769
29008
4738
10124
63980
11011
76985
18222
53529
886
13706
74193
17602
17881
1613
1029
31179
3257
8378
56528
16090
55
1363
2430
24797
916
9637
12753
10057
34921
451
8954
71618
26857
6858
4491
5435
32688
9898
41697
2933
10751
228
12854
2018
27635
18476
83304
8900
1743
2013
81028
111
73829
59702
40892
2716
16527
81380
6530
16299
2536
6361
2896
77602
6993
65206
1065
62104
15404
8824
8951
1186
49532
2518
27185
11158
45761
25887
29063
37531
2370
159
16883
18005
12154
48704
18068
2104
10863
89437
28166
6933
305
22818
14483
12301
24851
719
85564
36139
42019
2718
6247
1001
249
9525
60336
26258
12320
2950
606
8288
89303
60269
3057
7084
19459
15242
16667
6034
26905
66749
548
30766
1686
57145
24467
4694
77616
2643
41471
53801
21721
48431
11799
25451
7250
2877
10811
16419
17042
498
33680
6626
16929
8871
2583
34336
1361
18824
168
2920
4821
31131
35412
47437
26289
14552
3277
9453
34767
562
2528
3314
52024
1181
24613
4180
13281
39646
22361
24277
27283
53823
15430
19677
29770
12926
3126
19887
87349
56953
819
1595
33
481
265
25540
33918
22647
27777
38542
79914
56771
17333
15785
61332
3081
4182
87232
44671
39953
2388
46
18370
19847
4934
47331
34442
3483
3588
23591
113
20745
17836
16662
48487
37338
4109
19360
1901
6974
19914
30827
4237
37924
12698
23618
596
27020
15328
67675
8776
35147
78410
18250
114
1725
12844
17607
29739
12628
27886
18928
14968
10589
67298
16686
33427
47520
13304
11484
872
23408
2755
120
9063
9862
20763
11189
82955
13608
13761
2000
19478
8617
6098
4425
18590
19492
13420
82454
12994
80918
66286
42624
20021
1090
48193
47898
84725
25744
7272
6424
4805
26890
174
36569
10474
14330
14026
3799
7516
38322
87316
31888
13431
32206
17421
633
33924
43614
17600
8066
81199
40381
49966
39336
19058
1613
19603
23602
55787
4597
64874
25498
6963
27525
9045
2582
16049
78421
5971
1798
50684
17314
1481
52761
20234
7770
50510
23242
58264
32511
14305
1562
4940
8069
6122
24746
61640
11144
4369
35247
6265
36261
4513
18875
79483
53646
15566
40036
42589
1306
4761
29773
43172
68221
15091
65270
1191
24153
1520
42401
6264
1126
1137
9662
64233
38333
71238
9358
64121
44233
14945
108
21436
44693
10068
27884
10357
3028
1034
26528
35023
4415
18268
12834
5486
30027
32021
3478
1725
7368
58535
10204
5044
54787
43200
41852
20696
4529
3750
2387
53551
18079
33577
82374
21096
1565
9513
10999
50534
44622
21623
23725
8735
3524
27583
44314
24791
44255
36377
48944
13517
4911
40179
21096
5787
64251
22169
22801
28371
12954
83629
857
15084
17556
2727
54843
73233
9844
31652
62347
12580
4115
16279
13175
34670
29764
120
21838
10654
8348
17729
1790
7189
90695
35448
69247
17215
10780
6195
42208
60535
60437
22595
50916
50087
26600
24557
23071
5624
32820
80400
47374
724
14234
31963
82611
82458
69988
66591
11369
1993
343
31981
75157
40083
56436
17578
56289
22012
23503
29274
49368
5324
9555
51881
71101
73173
647
32926
10583
4676
12047
18085
29822
9633
32698
313
35383
13440
44467
13130
19245
39800
26137
28739
68756
17267
3935
5490
115
24014
29887
7817
6989
27884
33375
184
7431
32272
11184
38552
52136
36665
27470
20798
20689
20113
665
7451
27102
166
44574
47442
5672
7250
41967
18693
9564
26583
4274
31991
56313
25997
10498
62533
12607
21456
51274
19787
3049
89496
18189
36624
59717
45704
6017
42649
30229
801
55033
13902
1198
36565
51426
17895
6788
600
10841
2235
15884
4171
3366
391
5044
77486
23839
13170
20389
85148
55020
7837
16210
52973
742
13304
20277
10831
43605
11104
82635
9186
40289
9389
8007
2702
7439
2150
19511
17861
76726
53680
22609
47530
24591
1463
45672
6576
12438
5187
755
51648
18253
69213
54246
23821
34380
11569
1934
4513
15829
86698
4458
23220
10523
1549
17568
26220
15
59224
45462
61131
43877
79854
28500
672
11938
9024
24024
6896
22591
40843
48993
18012
33940
37012
13706
73781
9160
20915
2571
46899
35662
6926
29547
64076
20986
43037
40281
39864
2681
52885
72156
22647
32746
63960
12704
34035
27926
14647
20162
10648
6472
74054
9129
10540
39072
37247
78324
1943
30454
23844
12165
10458
71114
15456
745
63661
76281
10719
17718
72144
51863
1527
53939
8577
56053
79592
13718
60490
20517
30166
20803
5322
1262
5784
54381
46128
4048
30009
19644
7116
1405
10283
9356
9745
6976
14737
8677
52801
25981
17743
39964
18939
2763
33123
5914
5184
6929
6613
921
9918
22974
50644
10392
5170
53714
30927
33307
43203
3371
12671
2981
14991
17520
2442
9518
1498
33128
11622
8440
4626
37979
2023
784
10265
18351
17225
2153
14607
29056
8194
45
756
13418
11874
32872
1875
31134
20121
57205
18020
5423
16342
4832
83902
53771
4494
27170
14896
45057
42685
1407
21692
12757
23170
6662
18404
41747
69839
8217
23833
48677
17981
10370
49568
40559
12931
19448
67446
18472
15713
46939
32414
54733
54326
4018
16851
18589
14587
63510
85057
7160
9722
851
9493
58603
18973
57820
3141
3133
65501
8151
6890
2049
13839
35876
62883
27164
13785
44869
36623
16533
31142
690
36864
9447
25087
2909
20355
10838
60953
75906
14157
7847
6179
19406
1458
45429
4829
4640
62121
18923
4073
3688
58239
18455
7384
17344
58935
5501
9963
11457
4587
11989
1741
29069
29465
4061
1869
38989
3418
31839
69186
979
26837
217
43996
7389
73957
27347
12159
1334
14037
30526
51910
47266
25706
1556
27748
48956
12569
19845
16171
45944
62183
47285
19209
50961
41347
38176
23819
1348
42198
14644
73438
130
72374
7337
7584
7598
16526
11806
1195
4816
2848
13390
10946
1226
8191
26811
452
56111
41103
3363
9820
8963
58708
45845
65398
1879
77814
3774
20856
2194
3643
2772
16768
63541
22098
8311
24054
16721
18560
18393
19568
55933
52728
35551
454
11842
71156
51172
1051
10260
43409
2966
32616
95974
24203
77424
9626
8084
81468
51883
35981
3896
4517
74236
18328
40592
86666
70914
56196
15465
2514
49675
36598
29247
34
61068
1854
15080
66500
34805
233
9150
23260
10294
6499
58118
21427
55629
21865
71824
33259
35835
5432
12227
66776
136
2159
74649
33176
11345
1086
16651
1734
13141
50655
29118
34081
5898
37284
8334
13711
36495
344
64546
8902
4899
70735
9307
718
44367
23680
20282
10951
21991
1001
17901
10906
27170
40054
12395
23188
6564
5806
4057
18737
28714
32659
6803
41126
35661
1060
58615
11181
47662
20656
8437
14644
17568
1515
59652
1671
5869
7522
72135
9803
2328
3027
6912
8556
1820
2389
15815
106
26318
63789
64342
21202
2447
25469
12579
34336
28859
4062
7459
15977
5602
7616
48907
21060
42337
63041
45397
1427
10543
9235
62513
51469
21420
18601
4042
2568
32373
41585
24844
48774
5234
7172
73315
47443
2025
17612
19578
9034
46179
57584
8401
4879
27989
9847
4425
17963
70310
51723
40567
26227
71016
82817
21488
48651
32684
29066
61813
1804
1857
34023
172
4669
58390
31828
78581
1098
4035
9081
60991
45706
6737
23390
1404
3795
85025
3477
7061
63714
15959
49202
18561
43920
29795
4946
2489
53499
21797
53567
42524
11823
34159
46681
41443
8600
3362
21470
40464
36379
6529
46979
1724
14968
30458
38764
32037
25708
10967
14158
17716
35744
20889
10764
15889
44491
11599
11899
31509
28060
54459
73439
13514
5718
12892
13851
18297
52338
4823
27885
40323
54960
38532
1337
23861
8768
6130
14523
22780
28401
15592
44566
975
31544
20128
28630
3735
26208
5385
14261
13662
75502
51806
3364
1304
5147
170
2436
69724
12399
51869
67433
59273
41005
41757
87554
12166
5493
42407
54571
4968
39849
30126
21844
14424
53000
20489
15804
55199
44240
6217
26242
412
25757
16644
1418
17128
2391
4672
18395
11391
2444
91519
9647
25942
8728
2139
501
2281
12814
52287
18493
13402
5830
13402
1808
49125
9457
4099
2252
49253
14197
7214
55350
26307
6614
62151
48182
14146
47305
2144
30218
18292
65545
32535
7393
13652
5208
75032
404
45812
6613
1217
46543
3823
26166
5701
41784
38403
4956
3471
93983
11012
33700
38623
16032
23430
35071
40000
15307
12535
25804
51698
5456
43556
15515
39556
1433
79182
64920
9759
56215
17411
21474
19888
2976
68305
9470
11252
53293
2669
39322
4817
22246
4943
4996
28895
21564
9883
28969
53789
35427
10686
48349
5432
30073
33800
57554
7647
34437
45956
48917
2382
1661
25676
9981
7477
58411
26004
9088
11
1557
538
24578
10106
17941
3376
3114
45319
4412
6912
25585
15150
32046
473
14603
20844
69693
6597
12000
18421
10607
2699
41417
58222
30175
61847
72803
15193
81956
10867
10599
16593
21180
58272
24320
37676
681
25266
18085
6776
10781
26341
13166
5139
10157
40239
2516
26910
24869
95301
24158
39389
22058
23164
13606
25316
22645
14615
20554
3924
2412
45237
35323
4797
43960
46853
6827
31804
58185
59367
21501
54643
3995
7988
56769
93381
13159
7859
3463
53201
1952
5278
42846
32166
47269
8774
15855
3722
4367
57824
22673
3754
57663
19619
21869
68207
22055
14958
72
26437
19910
1161
60413
20205
10114
42747
15525
15277
30641
5490
13560
18945
12443
20195
31337
1011
5098
40537
6975
5658
31702
20865
27709
10179
943
17252
83383
10215
13457
16513
46836
36970
18743
90860
48050
43387
431
8483
38717
5587
16429
7500
34840
33695
25596
727
1182
25161
23871
5840
16897
16654
53545
22469
6524
15371
60800
6479
36854
8006
25122
10630
2318
19615
50943
45040
16155
31291
53656
32841
71843
27643
4522
57154
9828
12257
8792
14057
2904
79384
5121
4113
47408
41695
29921
32032
20010
893
8522
41024
67187
23425
47209
3225
19636
14646
19803
40371
48465
17082
9990
1101
20323
35789
6473
53342
45606
17185
68432
34632
45193
2974
47188
16079
43286
27102
69502
8792
67003
1172
39762
24087
5118
11485
54843
12841
18962
6066
32476
19583
4230
18333
15047
279
27113
5181
863
21412
1117
4529
28136
53769
13240
4835
27647
9840
61581
2172
9323
55882
40762
13663
16737
81677
46467
27994
26276
59117
13951
26503
6190
2092
43185
66196
47488
2686
53399
1855
45708
16944
10539
2217
11585
20113
13076
58323
1286
41439
41347
24610
15435
33596
42950
12592
24376
55672
8729
27420
12997
60910
52665
15965
15680
392
18015
9582
3621
27426
32846
8712
7875
47768
6524
9223
7392
3186
6984
46057
12093
13159
84367
30424
46524
8625
12211
34138
77145
18353
7571
2814
48096
24721
68683
53836
62787
1506
18526
21508
10416
55205
1863
33893
21871
29298
1956
35766
59058
17334
10430
58260
1027
23782
44353
38983
3713
67899
19089
17
8640
834
58433
13770
9850
42182
14885
45391
29435
1430
6114
2728
2141
47958
58629
2317
7349
1502
32351
34275
42339
2650
51201
43499
2596
161
24598
83428
22438
29287
45664
2744
27172
20179
4264
2303
27434
11708
4077
622
39270
8138
26017
3042
15683
14534
78944
21703
5703
3881
5984
53916
13447
15049
8242
1015
6544
22762
32120
62843
13622
60376
70086
8351
1099
62080
11552
4545
8341
20317
14130
15276
70033
4191
3334
4137
167
2738
63900
12816
5575
1516
6467
9688
1861
13056
6247
7609
59733
48803
63238
55101
3517
48849
21244
9919
61877
9263
16434
38407
5071
50192
8303
8924
28867
1278
24606
12508
1293
2180
42430
13216
57574
13312
2166
20865
4326
40011
3700
43204
1078
40659
32059
34869
46439
12767
15378
4609
84562
29588
50760
1255
5624
46976
26
49751
35532
159
72684
8736
1158
56627
19542
31468
66629
85041
45632
864
47321
11581
43980
71020
18074
39899
31204
9879
42521
30687
5814
80892
44710
732
24500
9664
31797
43839
69509
56587
6294
1841
14135
12547
4332
35585
43738
11979
12422
24366
55443
5160
1140
7640
87748
727
11305
2943
68902
54081
53243
70844
9595
11161
1672
33364
42369
75279
66262
16585
20387
17588
50280
29386
23289
57215
24250
44728
53591
15115
24917
10134
29438
33708
3283
17433
33215
56178
40149
25164
3218
3734
64211
74964
30773
9207
13521
29922
22834
13014
20044
5162
59201
55259
19063
16872
58
10677
10860
1616
2081
4678
9995
12749
39150
6669
7724
13838
28367
1254
38829
13024
8456
10776
18592
16540
24851
966
31933
27706
4456
45557
4223
4668
5612
7185
16064
37047
18401
15626
15167
35690
11925
13818
3026
18411
15022
6401
26844
18006
31398
1856
20556
45178
10219
5369
50633
6381
19359
2711
4645
77500
6298
8285
2297
19145
31802
38085
28387
387
2165
60810
24336
36124
8917
8531
9950
26246
36386
1087
13917
7198
9783
25595
31057
10990
32211
64
47646
1862
9078
5625
36567
3411
5603
12464
16101
69941
2421
6494
3558
43877
3232
2167
29138
47680
59684
62064
18790
76886
6684
63421
12530
13193
8796
15162
1201
477
75421
1262
47358
18582
22289
12434
35372
22895
1169
9448
20460
6933
10327
11415
6239
19564
433
30056
25445
11468
228
32575
40658
1110
15916
19855
50252
42318
4736
4337
1066
17249
46973
9399
41622
632
7136
4307
18558
2266
32326
4205
66561
46224
1595
5223
30583
64037
5371
70889
42264
21557
27670
3199
4505
14261
12799
72774
62527
40825
1042
43375
57632
25924
37789
69411
47492
24105
1802
11384
58249
8145
53816
15812
5945
19802
27894
84772
14602
32839
794
8375
47059
58710
769
20809
13335
4396
36662
31293
71905
45317
5180
8109
19593
9031
1131
21970
30398
13043
11346
25231
186
63121
15252
7894
2469
2012
31720
95437
23795
62904
8610
51073
763
21420
33978
90864
9239
72525
19010
680
4159
11014
6686
73909
71273
29113
16912
34712
13822
2577
4723
3129
5035
19182
61127
30529
29608
9490
425
54291
27324
6431
15079
62428
31396
13086
85975
5305
35456
82770
97
19948
5174
47134
6437
41402
4854
33433
29169
74225
24343
22
56966
1104
6313
56250
3427
70151
31103
676
28037
5849
59663
6357
1347
15255
10919
1834
26
25646
32653
13734
24148
3173
27664
3363
59820
23076
2045
78258
7472
65086
14686
18913
35604
1552
41687
54371
17766
51607
18640
36990
22228
27968
58955
18439
8923
55229
50263
12853
27528
36724
44961
15652
2787
1234
18771
6705
27429
44638
10390
7956
5728
1538
9013
2396
58392
8250
5442
34896
47943
18634
13092
5480
24047
5951
9574
19597
2456
13607
75974
8921
54419
11198
15885
63862
15147
24986
36672
32456
2992
13689
21689
4524
27904
2123
3735
28484
66433
206
25436
33150
17101
73617
64943
5771
32914
73449
31991
28570
7760
12565
1917
3790
9004
5060
2474
2906
27283
90694
41371
28906
26805
6940
8188
4269
17585
9139
33430
8849
33127
1628
8090
2382
59242
61594
16999
40607
37567
39119
97055
11351
20117
34304
9809
250
26152
46848
23539
46028
10168
25834
444
26846
77341
824
23579
1427
24661
53586
5410
22710
22062
12803
51528
20959
13406
40428
7593
15884
19565
66554
44777
14913
31265
11013
12096
10936
33039
62435
25178
8197
24684
2424
25413
10722
4521
7490
4903
35902
54766
633
75621
49335
9841
3080
635
19466
25150
50827
2975
9594
78747
52
9083
8341
560
27286
84886
1092
16026
20110
85169
4009
5738
4158
19193
7661
2316
27438
21546
42019
74597
14
60439
51561
51763
8757
13620
196
85466
16008
38739
73734
26234
1530
40923
43809
6076
7116
31418
7261
8272
73650
9025
47183
21204
58290
34114
6204
20491
35788
23905
47576
12140
3487
32928
3524
12273
41029
16717
12133
30272
9093
75151
71640
34829
61220
7995
9320
7167
31417
64972
2507
40174
3179
6029
51573
85070
2470
16291
46859
57819
7806
42662
5854
41249
42644
9942
18179
1854
7302
12986
57538
70262
49800
24216
69466
65483
5732
369
47672
22551
57819
32981
8185
169
61745
8863
438
11909
24362
56339
57461
12777
35493
55072
3651
34060
76763
18725
20562
9416
12428
23268
57363
44632
29350
81862
11279
30601
60648
13910
53643
9643
8304
180
73641
8856
77628
4591
936
15619
42114
7218
34991
21529
15881
24933
46288
3765
84143
944
23852
41557
5324
13027
28542
49128
23141
6469
51207
28604
19908
5777
46336
1490
32984
46429
39773
13490
11147
2043
56921
38731
79350
965
58752
48827
9348
52987
49686
57267
12941
27543
30948
17657
24550
27304
70265
2321
12623
22012
5239
6378
5947
4976
50388
23165
564
42218
47861
30500
15364
11779
24158
41319
5742
22410
54223
48746
8404
4382
11900
3392
38870
32641
29796
11599
12396
21022
12734
8926
13638
30541
29974
54464
10748
29879
3154
45063
1171
8393
44795
6435
29954
8241
56557
45998
70803
46031
933
86291
298
16427
1067
2593
13032
7485
11976
7117
16223
1293
9699
32316
7751
51
959
21656
8661
38745
35647
21458
40156
76128
24895
4306
9778
60094
73214
4281
9563
21206
216
30993
8417
34511
25808
4898
4768
14802
2453
4910
5145
60308
49987
18265
1140
25943
29778
19231
21936
5564
26619
19730
20217
92105
36303
27395
512
15129
12058
39010
32012
10144
19987
32579
17060
706
54410
55
51869
82650
9270
10685
1350
42906
29212
1164
76854
60059
3197
73682
30609
55381
1534
11926
11684
3830
62098
12396
45351
49761
1503
5887
13122
21264
25660
25
2837
74587
6214
24162
9627
38837
22353
30246
18535
50647
12987
78630
4083
16
1121
38413
37021
5861
4972
54535
66345
8065
83177
45355
30189
30203
5163
40231
11307
41435
1556
10058
9432
33354
22300
16104
26540
6835
6280
30592
58992
10836
23011
31289
14349
19363
10763
46492
28446
11628
608
2051
35676
7204
39613
3566
58703
57357
58000
15227
56377
13561
13617
38355
47620
80435
11719
15928
24370
21756
9565
15304
5823
17115
36400
59566
7517
23303
2129
20041
71659
31920
2713
10687
2082
2225
413
13809
13265
5703
43682
39826
15051
3315
5485
15251
984
2581
15924
67433
29883
40703
5957
32153
60472
17916
22456
68096
87494
37083
22554
62934
92879
3535
6554
51912
2050
43450
565
11043
17136
3858
251
13272
11377
12535
27258
25592
5385
1077
675
6837
1371
11391
19867
1616
64228
99681
18847
28022
42722
7348
33998
2380
27308
36239
1308
7427
18273
2323
21448
3815
4144
24761
27027
36985
607
21681
22107
64562
8554
32325
2423
55520
53147
591
52358
22178
5539
1080
18006
141
34352
53868
27494
5472
79519
17169
15920
469
29726
13121
32428
29981
11674
30689
32577
31860
21944
18385
41153
14787
48054
35957
10897
79291
38924
502
171
13130
31082
53094
14470
1231
17023
19000
42343
6813
22698
84312
38169
19745
2400
9224
3656
35993
624
4676
39156
18311
25734
1017
30777
4013
70265
20202
13606
16937
6518
1602
7945
3876
51329
11520
19365
3004
31670
8890
2487
67
35867
64142
21853
1424
7494
9165
69156
22133
16073
75931
4519
8805
4114
673
19813
39086
24199
4459
37510
75890
8750
24932
18564
20452
4105
44473
60294
14959
57962
30012
46743
46366
7596
29663
17083
58276
37047
3852
3433
67983
64461
71915
8860
6818
27589
28690
14257
21851
31635
11646
8423
1341
43982
23324
3579
5009
39975
2298
48447
64281
22330
47501
14635
37485
12726
33393
74526
58973
37912
32542
3148
47161
19232
10813
37528
4509
60822
11753
30136
10487
11214
18095
37862
11170
47597
56808
16488
34939
12595
63781
8595
23339
2810
74751
53644
6208
34266
21346
14505
1594
9384
39546
1814
20819
24903
36705
52984
35641
956
7355
9138
49722
34859
45628
31394
11614
8710
34904
1200
43989
45543
309
41682
47168
18616
92814
27469
16296
2188
93016
152
25681
15511
13098
41843
14276
1861
5064
32191
5521
17207
7299
32649
34687
13116
6510
32758
45065
4488
15885
6291
4830
23222
13762
5118
51842
6491
1376
59512
21972
10417
17551
19836
47914
10661
5758
62
28676
95581
26865
12826
14396
18653
65927
4172
68987
32501
53256
4492
39811
77078
50284
8295
56070
26595
24980
35650
44513
26095
794
1767
45393
8936
20288
22789
8149
21201
1160
16617
83214
12409
4111
35851
787
37362
28363
32275
75309
2360
44749
9586
21048
1854
43560
33622
12198
29949
50626
10735
4941
1947
93570
10857
22670
4007
19760
29630
15373
46512
52267
22209
19166
13058
8411
47462
91384
7327
26306
12627
44735
11293
17805
25389
15831
8514
2072
40303
20651
6935
40328
12280
22648
24782
10070
18588
16699
4479
18393
15049
61895
16848
6537
6030
15970
15288
69
6988
20082
2809
31398
18710
35840
9451
5055
29730
23067
1912
2844
2346
52192
31682
42622
44265
266
9804
3824
3154
360
27255
2441
38823
65840
34569
2776
869
14609
39206
1644
45217
2368
14526
54908
73123
14203
3116
37790
36206
31647
28066
2610
30589
20780
4713
20011
42015
14015
438
2059
1537
9764
7735
36300
84358
15386
10374
29696
2199
6110
22750
37248
2066
1629
26639
17344
4249
21417
18409
15182
3923
87194
2211
76840
35462
54380
49285
27382
57594
30704
29223
29948
66022
6306
16761
36413
34947
9522
21562
70
11347
11340
51999
6069
89684
29489
5995
75850
3227
15675
28801
57676
183
18725
39909
4340
28919
26012
44669
46127
9197
832
33222
84422
1126
13144
21610
58928
12838
11344
7404
34785
7281
27491
5077
259
433
21895
10552
31402
43919
32309
12903
54938
7002
25155
13458
32407
59159
38545
9363
32652
43181
18291
12290
5474
1312
13077
16725
36372
30057
34071
4968
43433
12328
86845
5841
16532
11734
71147
63237
83011
3814
41800
1014
28680
10020
645
10858
12876
56410
1923
52670
6468
9719
25830
18486
20383
8625
23094
2517
596
4413
150
2434
29914
77512
604
6107
3672
1932
15457
7846
17057
37954
36445
1806
3692
33704
42256
4394
17160
966
17675
27063
11379
9147
36682
17438
755
20909
14497
20272
18799
28334
527
6626
34101
42877
12548
16503
23705
4854
17030
22159
61889
13047
2573
77827
4222
2678
51373
3105
282
32965
4604
25921
4105
29401
1656
431
29359
2810
32881
29826
32377
9787
8532
43954
12891
18854
15563
9196
4941
9118
46867
2502
30133
8128
6401
37681
36016
45165
29616
10807
17493
68969
42074
53384
4397
31103
28987
4770
50538
72952
60749
37237
36574
47269
42406
45032
18026
3201
29616
7042
7123
58103
72750
15212
1200
23157
59412
47541
30317
63625
2835
70071
58306
15254
1375
15360
11229
6869
15530
32238
381
47509
49717
40303
23251
6988
46748
9331
53292
12066
25337
15644
40200
1246
28519
40590
53248
29106
41263
10873
25243
13619
21584
73772
29270
27661
81949
9456
23273
10877
25258
12546
40111
59235
14364
12742
4298
17479
21500
8373
20144
8727
13045
518
11068
54235
3868
48758
26255
4047
23431
2972
4470
15169
39175
31398
23589
39159
41369
2624
10194
79498
10894
16663
78381
62607
32879
8487
37511
247
16861
44134
42001
14698
46913
7271
4140
2258
264
8355
9011
34542
69676
47556
38835
7235
9386
56131
10436
30630
27843
3623
78484
11503
25525
4333
0
47488
70820
6857
5657
5908
12453
13783
4280
41088
7557
335
26611
30472
20001
8213
20042
60574
60425
9003
40786
33106
3458
27168
43762
5757
71355
2675
8378
59725
20312
21475
24370
65627
31402
83762
2415
7912
13420
36392
8495
14801
16279
33207
41849
37184
6873
7041
7777
11890
28930
76946
10648
55459
15227
27580
16612
4899
12889
1823
2745
3357
18
27833
58853
40753
82038
54412
2497
37644
57848
43975
54549
21764
64431
5560
14623
19155
14660
2582
42968
8374
85518
41198
26190
26616
21193
19271
35396
20599
5690
10864
42752
3821
37218
47581
57091
13072
30559
7515
21991
7760
58095
4536
18832
11823
1459
4922
17668
38847
52057
39329
69526
19894
243
18808
529
64910
55009
16693
49793
49919
13424
59923
77711
59900
7
2254
6299
53756
24995
68680
75656
97204
14
68153
55366
6930
54711
2514
10941
25451
33641
53039
13053
36630
74364
4810
6632
12746
48848
5515
3806
1613
47786
22732
1370
549
53876
48985
26162
1389
58606
2267
30822
1688
34829
643
29050
35831
30797
1467
24236
6444
52197
4860
166
11303
3732
29439
31701
1310
59029
12885
32308
4058
4738
67591
76603
10210
8454
12444
1396
37122
1493
19322
36389
1346
5318
35447
25921
8359
2839
39709
5916
64534
13133
1160
1532
33533
37572
472
13678
3934
47581
30222
4510
2409
915
37278
30065
33069
8176
220
17565
736
22547
10275
40750
5186
38997
30117
16783
32922
28613
8723
9896
3981
7508
37351
15128
52587
47274
14599
3568
29005
16629
61212
4171
4671
28831
14043
68265
11598
27278
27419
46117
9010
78032
39589
21020
1188
3262
984
17662
12764
45296
12952
13489
44897
45806
17599
12866
14226
2655
1902
1539
27351
5214
625
1944
10154
8060
26025
18850
40232
16353
22847
10877
5582
55729
34144
56060
10307
82233
3252
48287
3502
24423
7107
8492
7688
23513
20596
22342
8723
17616
2648
35572
18886
72071
1999
15075
2410
14674
9764
18714
12557
11996
62171
22166
15386
42380
26907
3634
22771
32989
22518
14455
9699
4594
8622
43498
16797
335
38131
9587
21100
18629
18243
15123
18690
6536
31210
21865
29100
15533
65634
29399
35229
13956
6221
4243
69358
16771
3182
26527
17421
65461
12522
5355
29048
73683
29585
37076
28641
11139
12321
38268
54455
43945
10845
1508
66436
22089
740
1641
59741
49940
77316
8810
16813
1358
13422
29652
18462
27335
7549
63111
24334
10423
21398
7243
42275
10943
37453
32423
8288
6293
8314
4197
20141
25888
2407
32189
2432
42647
4479
8472
79576
33390
1364
27821
32348
18730
10734
2493
11508
3501
20882
28996
17608
52452
1374
35412
4371
41237
1673
17623
27598
20001
8160
4757
15304
23272
69239
17578
16675
59
9179
2351
9496
57428
13066
45320
47538
28080
986
78851
55449
1742
4757
3503
67508
318
2609
60544
4027
456
43953
2313
12642
714
14391
6990
3308
8571
14653
262
6106
71137
10805
55517
37955
16922
10956
16278
4856
54875
38209
24928
35885
549
39814
12210
39357
1278
55814
24379
21219
100
622
1529
1378
20282
15530
39958
20439
33892
27457
42554
22230
1434
46206
1624
1585
52664
7507
6343
25221
17508
51454
29897
8277
18558
3524
3490
32658
76227
10025
34438
31402
4303
4917
15627
68840
26636
2727
32567
43933
23912
14081
55172
76849
1953
25411
83576
31827
628
770
11025
2017
60865
9607
1945
53403
2637
43754
15811
3976
11145
38198
30132
9205
4992
203
6526
4356
11802
9404
52155
19121
1756
2139
12159
1164
49866
5315
196
31936
68009
28386
6478
32578
52377
9973
51283
22891
17350
1338
61077
19437
435
5296
37397
12108
655
18528
18766
12353
3728
44042
41110
22400
7890
9879
74050
42449
41000
19689
16056
32124
16389
53707
29256
19767
1972
236
142
5428
64380
15986
67883
22572
32636
12294
48694
27569
11826
4835
16269
54152
14701
71183
33341
3488
3580
18284
66334
1175
47945
50291
58956
24609
18893
30597
8808
31097
46149
8798
6892
25860
5002
3865
42732
36846
22522
10743
9258
1300
46038
10102
66908
40641
12248
4027
19070
29775
64605
9352
583
50688
879
2293
81902
1851
5510
31482
5190
2969
32023
65763
56252
12772
11940
10469
21661
4
1767
28990
35091
3403
2009
73857
88472
63767
37693
29036
4234
19165
24154
41840
3205
16794
10567
37372
51073
49172
2462
36404
30854
68048
55174
21339
74149
29914
6193
34766
234
3794
76958
17952
1821
47443
7068
37763
9548
2686
255
13753
37726
31718
40006
56210
1182
27099
4357
47113
634
62934
62912
16360
36682
16388
11126
29126
2454
79198
31849
8216
5197
9001
9023
21253
51962
14942
12437
5009
18054
67522
10888
10270
19996
21277
65101
419
57287
33940
14317
56168
38451
16007
11424
21965
958
34520
5710
2407
21236
287
18543
725
41286
26785
9318
47
38134
17814
66088
20361
5575
91852
76858
32714
35298
63488
82774
1514
55676
20653
21763
54477
35505
3888
10268
2439
16187
4790
3612
43078
7861
12572
36894
312
35434
49991
1845
22789
25891
769
2929
4730
36513
13729
3801
3768
88647
18890
45805
60571
33210
1685
41723
3003
45534
10442
5127
4326
50540
66373
8581
12012
18459
34213
23180
37636
16689
27931
60061
15436
4214
85587
10636
22846
37433
4892
13373
13809
42756
45188
5220
157
72373
36129
1827
57224
57640
73453
53453
34492
14322
16067
12084
5923
28253
6636
34870
1415
53056
17392
1063
69797
13137
51416
43061
37889
46618
37019
11505
25521
5193
23433
38729
50188
22535
15166
23410
3577
5710
9137
18856
12613
5601
46542
2250
9278
38354
11740
18699
18553
42290
57684
10573
65312
69158
15539
29701
2993
37757
45391
49283
33040
783
3679
243
30051
6448
54403
37969
40835
19478
75970
11208
983
31172
1833
1266
23897
29389
8322
77661
47259
35275
12295
39122
54694
30074
75153
11801
13803
1415
57040
8956
31656
20536
32978
6118
19023
49316
17712
7107
26168
23131
1926
18653
8536
7321
3761
18170
539
17364
70848
21146
65943
88638
36412
18649
48940
57784
1341
67491
524
10803
12823
46721
56620
7486
36941
77716
10193
40
68381
58737
15106
55697
36125
24573
19717
7200
27990
495
4826
11837
18946
58497
2719
67074
2585
13689
7635
43056
9479
4575
52483
71862
963
6847
55856
71405
18801
13923
59171
66252
3211
16072
52708
55522
5858
78584
23871
27684
41797
39693
15632
19368
17614
29837
21944
947
10073
26036
25015
8078
58167
1859
43332
48988
23588
12487
90554
876
31876
26357
16212
2433
1546
16965
71218
5471
50841
20511
33839
83810
30519
34429
17193
21050
12127
3908
14837
29130
62482
4102
6953
12913
2864
29933
81425
180
13491
69768
78915
5765
13963
66888
26382
18635
29577
2148
1335
8926
19521
22696
3766
20293
23106
26905
54291
16481
619
12403
23852
45539
52193
60663
60299
94400
39044
19531
78045
3982
32011
4683
25841
2126
30545
9079
25565
3347
56966
39705
14597
23480
179
7619
742
2378
8356
45128
2088
26394
25488
56112
3414
44403
73175
10337
44245
37284
2420
43404
8308
49107
80013
2478
43631
7157
40667
1865
11099
1471
17277
9884
61959
446
39673
12439
5870
62227
1987
8502
36782
12062
5580
17974
6354
71103
9368
3745
50117
6282
10585
9221
11386
17394
33262
4563
22113
12364
51214
37851
40988
11213
19851
44752
73098
451
4228
60104
30630
16325
16773
159
35653
17700
12257
25418
451
30067
86739
7803
5016
4433
52520
59099
18472
3960
26672
8103
2256
506
1567
49762
5722
43890
54526
28693
24926
12024
27968
16851
21238
9159
7348
75178
23958
29588
3
51912
10154
17051
14102
33505
8035
53229
18621
71053
79515
3283
28360
9045
1106
29436
61930
33284
19135
57604
24018
4663
72942
69667
79434
22923
6089
11072
24674
1660
68075
9560
16763
2861
60210
9325
5467
44368
93181
90
11729
16042
46134
330
33002
51197
11206
65519
32458
34247
1533
12551
52812
55284
6302
9710
6413
43038
46691
2468
49385
77231
8496
13299
35038
34652
1996
70183
668
19577
15790
210
35866
34419
25543
25460
18141
23608
2876
19845
28770
16508
9709
1092
1715
1569
15069
23323
4038
29503
30509
1568
7579
42041
49276
76554
88863
26557
52847
2398
77496
23231
36931
3945
66243
49246
2822
14287
744
54106
4472
2700
20652
12027
13776
10157
19150
58600
52324
1742
42207
11027
33379
36403
66335
29224
41296
31204
70481
17196
19517
10088
1214
6686
5005
27853
56391
529
6198
454
36811
500
54532
60574
25153
3770
79433
39511
51193
101
5313
9858
3235
6635
36296
42896
3112
30135
31948
3
12279
22743
17769
64606
3000
1275
15408
28698
20962
684
22255
18749
70806
16641
32084
32455
74884
1606
45690
3648
36586
11880
2292
15727
35933
47386
31612
51324
19164
40313
41573
755
4896
59081
1272
2881
43730
1690
34403
10912
76882
643
52694
16801
27648
12657
19370
55752
147
4716
853
27406
4937
17747
63885
46108
36199
424
25422
68485
11231
17471
4746
6768
27084
13062
34840
22422
87539
14958
3885
40342
31697
21290
50571
1293
27973
8615
3258
41625
32335
1820
7409
30237
32239
33451
15622
74250
6248
58892
68586
219
12159
20450
66051
137
4147
20872
12900
9729
48817
5662
26001
76667
7121
9365
20041
52085
14074
13741
58302
22709
6991
1074
16439
4202
44647
56910
5959
3471
29402
62420
18862
7091
5173
52887
14686
12720
21110
6795
42841
2334
90248
6484
45865
120
34338
47233
11238
6529
40306
16391
7644
19503
35926
41734
597
21476
77540
58649
19236
30207
26021
35919
23608
32002
3521
68752
88790
1971
5725
11903
1175
20051
8202
22235
77421
2642
17772
33701
29626
44446
2791
48485
84701
67623
26674
5190
6918
21506
27957
14186
31425
15508
72774
10569
2139
24398
40050
29611
9455
2978
69451
7438
1231
9181
19645
13046
61238
1973
35746
15888
817
8672
43677
11517
1999
32355
7779
2776
21247
59838
20371
14149
106
4934
14990
6984
91974
49607
53516
1515
4255
5469
38453
12774
66269
20935
2274
10748
499
32502
18286
56433
35829
1121
9246
1652
8257
6742
21737
65424
37352
130
8999
65731
1093
13058
7704
4632
861
3946
9915
35797
30505
31975
475
77698
55977
41133
13971
47796
6979
8873
54094
74465
53488
64548
27739
8958
14824
40981
2499
56
13679
34249
16745
40613
26121
343
23398
12737
5328
4571
31191
69959
43978
7004
25837
20151
33872
45700
4949
35206
52000
39458
35028
56380
285
11643
3720
8289
20669
10930
41289
1229
51859
19945
10203
58327
72041
29331
60937
75792
13926
64669
25961
7151
58448
13977
6812
11929
8082
26547
2095
49675
32121
10603
1537
56609
13461
5517
42509
11794
1702
71843
27970
3291
8457
6400
29665
52328
18232
4170
47100
35522
5414
24318
15192
193
15896
3528
1601
67
2900
18806
13156
23970
2689
27573
85458
28266
85211
39319
62994
35001
60942
12
52062
32615
43900
65799
49110
30003
4950
55768
26975
51741
25901
24985
19070
36290
9477
618
2940
40274
10648
8631
60717
30599
1810
42505
1591
65653
1536
5172
20520
21304
74667
52787
39199
39734
6241
893
82456
2281
46685
19216
28478
10157
13773
11531
1768
2970
11348
78961
19440
15455
2406
12340
34530
11144
10855
45131
70360
15916
30772
6082
2597
5800
3416
8529
11875
12543
28304
47688
62838
827
68473
65702
77556
3553
36595
33003
40179
14682
18593
31784
55071
9149
35765
32023
37612
44878
13288
5393
4733
17609
21451
464
6698
21732
2559
12698
4073
79500
48910
15726
8926
3145
57205
1382
1227
1349
13144
28500
44558
16177
5052
43475
31027
3722
4916
42343
43695
782
9254
70705
621
559
67380
83070
3478
3339
11924
42064
76407
1418
29403
11770
56086
36408
43108
2829
31024
8982
2246
28200
37146
6668
81323
1445
16001
5150
36790
27074
4678
23567
39614
8630
7388
19987
7989
3806
5928
4178
32825
12849
4631
60741
92
11113
17138
35390
20306
7495
733
21809
36688
25641
14715
8385
90362
1876
72454
11735
15803
8187
19217
73271
25287
62
8491
7591
46031
1858
5070
9815
38840
44685
20611
83475
21665
16347
18033
1115
3622
7342
22933
26590
85237
48559
2831
41649
38630
6587
24072
18129
68
16518
47967
21063
29041
19066
11349
9199
35941
33586
33768
10437
27040
44079
27339
90517
12850
10418
47754
21829
6872
2059
306
1246
31919
42667
18970
11527
18617
32201
37257
6909
79622
9907
25050
58429
6017
54223
19378
36597
44512
12186
59006
47456
22367
185
3970
30424
11291
99
882
21040
54196
34803
2903
232
40965
3102
27954
18177
12684
66341
32970
3878
11974
41264
147
79373
8695
14062
8832
38311
8919
2776
19470
2085
1498
4637
3788
55455
9320
497
13680
22116
22300
68183
87743
22565
8677
3838
48229
28534
9370
9456
42265
7329
2984
34434
7899
13824
65378
5534
4746
6689
20145
35377
2117
1743
74797
71376
30896
2743
44073
11502
37056
74146
29123
16526
6982
13367
60401
4941
38182
22210
2001
353
44314
29539
14108
482
26355
191
47864
1806
6149
47306
46246
7659
736
6581
16154
8552
15944
33473
38772
28720
3051
17075
10996
47607
48563
4054
65103
16733
24975
1477
720
3475
33882
26871
26572
42651
12479
25219
10532
3262
16352
33787
49788
14332
31346
22965
44025
16643
8426
3865
3062
23202
4419
30014
12495
6062
7578
13816
235
3427
6050
3633
33889
51074
13402
28486
13516
4767
2712
2438
9409
43715
15706
38138
13864
2179
32645
3613
4117
1775
790
32405
4104
2622
1274
83226
21425
6482
883
23478
59241
17336
57
28406
6574
2257
9014
21334
23507
4842
31276
5723
45452
12857
7376
18738
28873
25583
4102
263
88572
19265
4483
32485
25773
8147
34683
300
80010
43887
14
12589
12014
515
8916
14214
23663
48521
48662
20802
1285
6018
33030
49188
20187
46732
60501
21739
4154
34565
29739
7210
18235
25779
42751
18328
42785
261
63182
60894
19109
8120
20138
16687
36713
15492
1094
17253
6276
14316
17277
70835
13920
1801
26570
22723
22055
38673
56980
57576
2874
2721
16721
12948
30000
37417
5894
23181
20396
27300
4385
7071
30213
525
16127
41771
52464
26248
38836
5410
3821
12909
12448
1243
132
39484
31204
28493
7496
1295
20120
1519
25794
46596
32957
7967
15112
2572
2913
5974
21989
20055
9491
73448
21022
22066
60706
5416
14987
3863
26150
38808
2960
3646
12197
689
11869
11790
57422
18038
243
21927
20006
14514
18821
38014
30677
57067
76963
30745
31377
45026
13482
5143
89
41011
18267
36515
26843
5182
88516
1792
37354
1791
32711
32572
718
3349
1974
19416
13686
1368
56090
1055
18489
19057
2698
75519
21984
29416
40087
4710
49962
8421
31287
14814
60086
62851
43175
19897
22466
5158
54027
24598
13922
23298
42332
88773
5516
15030
75880
2302
23838
50891
6688
14424
9598
16177
9577
24765
7514
40514
10364
26467
2493
46084
7103
38232
1014
389
57551
29109
18167
48376
32107
56891
6457
42400
22836
9096
19730
8454
1415
30031
23760
17015
27578
12438
3474
33441
15111
47539
17345
55872
14430
12878
4692
8609
83274
6084
1156
37248
19061
5003
58895
9775
4516
3358
4495
83539
976
2641
22303
18932
3392
49658
52362
19363
15074
20949
4785
219
26304
6934
39621
4700
2002
6948
9843
6693
16725
72074
53014
5996
38394
1282
65098
23230
56368
2101
72631
10744
43560
7501
5693
2085
45519
47329
9872
24
17857
22032
39567
4683
17946
16029
7353
17160
38560
60330
26390
13354
1263
518
27476
12776
73163
2296
9590
46343
28013
13022
8556
1454
25047
15136
84143
34289
9871
36160
83457
88977
646
29
23669
16934
4657
45728
35362
14129
11212
54823
24024
28413
57632
63839
29375
1933
13579
10856
41647
17369
9309
3339
39482
4691
4101
24390
9760
1874
44229
15786
68361
43047
21781
9999
78236
16439
11148
37005
64691
5999
64940
22133
66460
6739
52935
895
77963
26135
73249
51937
12434
22812
8381
39928
26796
16689
27621
7734
957
13097
51507
31998
2058
5782
25633
51706
30880
14305
4760
2323
27364
8962
5146
59158
40282
3589
21423
67759
43461
33651
10264
49499
76811
4341
12947
712
4966
18329
85765
20329
80353
10635
15246
9801
8568
74152
23761
46519
6724
40879
33151
1346
18557
42861
7399
14838
20034
74512
25202
3804
96410
59091
54768
46190
40811
24517
6511
16194
11762
7063
3662
750
8635
3833
852
10215
3521
48355
7815
10749
8094
8750
30345
10740
37168
6590
13510
32778
39354
38906
1282
52405
12637
25433
39836
33342
20848
13899
28027
6545
39156
961
15983
19155
59686
32541
3863
44252
72500
21956
4079
15826
884
27866
3178
7922
1766
7413
84279
8716
31256
16108
51324
22165
51281
10010
2674
16786
20385
810
36902
2411
9536
5851
19226
89972
3166
133
2669
29022
37764
30528
6466
51073
3102
749
19418
75494
61360
12322
220
39441
44789
6005
38571
3887
26711
24582
17730
3125
10299
60667
53267
30571
47324
18910
48621
54402
5382
8768
14195
39762
37461
13327
17595
557
6421
71
12227
46278
35262
2038
50103
37000
74683
18619
35692
8298
2291
9329
18558
22913
687
36367
78489
72598
8079
28978
58563
82092
22174
20874
29460
14903
28200
22207
69991
56409
1298
15616
8111
51455
19970
32101
821
2883
10383
729
6352
13279
28526
13778
12492
83900
9142
25750
13262
11824
25774
4676
20808
17186
27697
11424
2313
1843
36539
30931
39771
17152
1701
37600
5533
13871
13769
14085
36150
75570
65527
29819
6745
254
62207
30568
8619
59410
38843
17262
11249
43117
46051
9211
12660
10107
67471
31814
48339
6858
39887
16613
19690
63863
4389
14524
47291
2284
44286
2169
73042
15780
33796
33701
39304
25361
63695
2668
8826
54318
500
37197
30598
6839
9317
60024
6841
53634
22948
52595
14070
67589
64917
3065
39855
17800
4490
50922
27539
9372
19152
74924
41056
1467
16085
8687
11105
16917
39982
53073
29889
23103
60002
61103
3335
26550
19517
1255
9906
22381
25432
14172
32174
36772
5154
83241
12474
10220
36
2743
6205
15491
2650
19883
28186
3201
7854
22582
8433
7978
8138
20312
37094
83556
53837
37084
10715
26371
69651
931
40421
34002
17813
12389
31609
28450
24115
18438
6918
3313
11067
42120
13619
15064
4371
7631
39410
3041
9591
51420
23334
3231
79907
10660
85636
5850
887
1922
55596
6215
2166
78416
3721
35530
2003
2315
7074
2369
8410
16867
40517
203
14438
7130
12609
28655
32604
21082
7522
8683
14709
20825
15745
40044
23239
20024
3370
19047
64097
703
21655
2934
5253
5658
28972
5731
37
43852
1829
7099
9280
25784
13453
59425
44390
47587
9079
10121
52350
3864
2981
52077
25941
18238
73770
9602
7436
31513
19329
58357
1945
29559
31199
10378
1628
32215
3336
27156
46778
17906
40166
24073
51583
31825
31741
22071
2259
26494
9371
43033
11783
554
45401
55211
4046
36517
1636
1824
21563
953
7830
48424
4326
38290
52915
2061
17404
1009
66575
22958
538
4887
14539
10903
14456
11123
16502
41128
10229
178
70143
20171
3425
2049
4997
42828
16896
8270
4488
31200
10871
3122
52940
48245
23044
10426
27744
17640
46058
2236
19996
26326
41416
24813
8906
553
8873
32781
4366
54001
17319
5903
34023
24380
41950
27411
23020
32095
8495
37819
13289
33538
7707
17580
11330
26331
40417
1477
19231
4836
625
25826
53914
39542
21912
9509
7763
36943
5577
19047
5688
3240
11580
3646
305
11619
38749
31058
26805
62698
48632
4079
22159
17248
10390
170
21474
6885
10826
63271
9510
2033
4469
8120
22502
10598
6743
58976
11894
22914
40776
21356
8800
10855
1728
35950
55703
32500
57145
22249
35695
41799
45623
26882
50618
41199
24338
32047
14382
3532
58437
38288
13564
1639
5078
38668
7563
52270
27831
685
5846
5535
10478
28811
21446
602
64975
11282
20117
41435
50966
8080
26159
56192
164
75069
6551
3800
6409
7071
3637
6291
6100
508
68333
2068
33397
53280
20010
16684
32999
6381
198
26870
6609
76430
46968
2968
74905
22420
18571
2326
3636
31
36356
14069
28573
174
4555
7025
10199
3938
16785
2981
18852
54254
24894
540
4980
54770
42847
48347
15340
22929
35940
11390
21844
20873
9555
33772
3690
28767
20675
37664
21239
39460
1954
814
170
45137
20095
19295
55693
188
13374
485
18113
36954
2220
42241
19007
36740
2819
5122
1084
11128
18242
1442
47251
65378
51959
2790
7572
20242
6047
4758
80242
138
23887
9654
32292
24176
3909
12041
1400
440
10946
2247
48979
8582
37080
90820
12647
21839
1344
30760
5259
20356
7337
55238
30208
1892
39340
2062
10016
82391
36268
3813
26970
8878
27306
18616
34827
62232
61260
16158
28995
8651
28176
13464
1916
79326
3859
56170
33954
984
11885
1426
3359
3416
14774
357
516
24558
27517
38452
29678
12752
13828
41418
30050
1455
43926
28915
79193
22018
5256
23974
2845
43676
5965
64956
13618
22146
1143
7624
41166
62755
5192
83820
601
41262
2128
8143
7612
1953
27863
79324
20236
5158
31575
69733
33251
221
9776
33680
17401
3415
31355
43607
17978
3276
31680
5129
1228
40877
404
12352
6836
3717
7465
78649
12607
28957
17440
21273
11432
2903
26494
90650
5300
45733
73515
15766
25976
17036
69483
12755
32810
595
64
31428
1369
49684
9436
15680
26868
28445
4022
57311
21890
71926
46067
15490
38761
43274
4955
6011
90234
4995
17979
56553
3056
43687
28676
25811
21798
38200
16739
29867
132
49935
370
8304
24057
23149
4956
537
57531
28687
87879
75045
9114
2742
62838
77220
37166
56391
35601
24747
6147
46
68528
50470
27791
19
11519
3777
790
41684
34916
22817
3370
30470
43673
81504
73962
2892
10815
35059
84551
32286
4299
50345
33110
23309
13753
34
56978
6447
45720
16137
82764
1994
2062
8422
2535
79838
1197
4774
64623
16347
21516
25375
28443
61218
24572
1707
17434
73863
50977
45925
47210
87235
5371
28796
13772
2258
33074
32193
3332
8483
13555
7832
3004
8637
554
17925
34538
79985
58855
29854
11401
82965
10690
58516
87846
12300
16670
3871
69956
29531
17433
13140
3680
1745
2545
27547
8080
2426
2299
56991
18131
11443
30578
24014
116
10468
11507
83738
20900
63976
62272
2063
47710
42907
45042
27981
12294
85311
5593
22308
3606
5123
6762
499
42108
42958
59007
22449
13823
2007
6434
15147
57236
77331
25230
32020
325
1630
68150
24414
80
79434
10539
50807
7948
16206
8586
39239
17098
34782
13600
13625
49468
37228
8319
3008
40445
22894
19884
68091
20075
68782
2828
8353
163
3331
157
25636
36602
9836
25880
14542
72225
13677
25056
15122
817
10753
18779
2416
6916
70542
2415
2143
7513
17006
1160
26556
57160
57995
2673
18252
16799
12276
5416
46106
14816
664
12961
71985
8885
45853
3964
4773
41473
79114
8715
39946
21401
47449
38815
27911
18540
18306
835
7642
3343
3360
16206
46973
37222
19258
53676
41392
74894
40633
27095
24247
16316
21799
29704
38551
3555
80374
73213
3999
38798
12567
1
51565
588
2925
14161
64360
6660
26543
27527
63602
25447
15031
31907
5473
66003
16081
16750
6752
73183
44847
14548
46299
19515
40752
21843
10609
836
2458
33523
16390
4968
39821
15849
27412
42282
34409
42353
50788
60032
4908
18861
10398
2897
4885
8080
10712
895
11496
6023
30062
15583
1119
21375
122
42159
1413
12835
32494
11530
29604
29906
12114
41916
70233
17963
18278
54773
2
50813
6248
8354
33967
239
31111
17258
2889
244
82631
237
19049
11457
8340
63189
32727
1682
36530
9345
12914
48467
84343
9533
16634
29631
83044
23434
16739
34483
9661
42110
3103
67973
55481
32437
46057
1947
1308
1665
39067
6926
3951
4767
3233
14091
3163
4760
4218
23405
33727
4165
2334
28776
434
293
28423
13432
17394
29583
8078
9897
1959
10586
3685
20531
65352
45256
30579
3530
1333
3217
7010
1694
53265
8581
22574
73049
12362
2916
9979
552
16000
1008
129
78878
7616
20546
7906
515
2566
37906
7942
46169
51604
39688
26990
46230
41652
59622
2872
17715
8641
59409
55387
2169
32290
61607
50667
28251
24137
2517
63435
40029
55507
1973
64131
15352
250
4657
22999
62089
21606
145
281
59150
2481
25431
20703
26046
31735
2744
35790
1903
14090
7314
38736
1462
10888
2926
29394
13736
27302
48697
12277
13831
14261
49852
60442
78821
10889
85007
6768
14953
31632
981
28060
51611
1306
16947
907
16244
30094
68299
35204
45665
18756
36500
40679
7253
43999
2613
54
40688
8246
794
8613
94246
11999
29365
6572
5875
29473
3278
26606
1424
47945
3350
46364
47662
561
8146
23902
20103
15880
3417
20180
8185
39707
3064
23951
9518
1056
57715
28337
88545
21345
20932
23520
38982
19803
1250
16119
1415
7153
51546
6210
32250
85958
5249
28669
16938
930
10654
1109
18909
301
23686
20981
7014
46249
27626
2860
1814
22250
39366
23098
56166
52680
59389
60347
6968
1849
21782
34460
39108
51005
68562
9239
56020
15511
60134
926
8462
3610
31353
2929
50097
66254
16025
7664
6715
25136
10273
4550
3087
23109
27497
15705
1197
12799
40244
49433
5373
5083
10344
8506
15750
24843
54783
26268
2277
51898
36765
2328
24685
31423
7170
38110
17966
26644
24858
13390
456
6157
12952
676
14425
64826
38257
3496
45904
11954
38931
450
34360
11869
1708
8082
28694
311
20285
67289
3619
21727
17546
51535
442
42159
10072
13598
28607
1286
2658
33290
6796
25585
17614
57616
23662
68869
5156
3915
39371
92974
5076
47955
13634
95038
15126
12366
15020
1766
4806
33646
22287
37297
5241
52170
451
2540
54978
634
20582
32344
64616
29699
6901
58680
14773
11986
4070
47339
58
56119
24895
1439
16362
3994
45749
1
6298
2542
54199
72480
82830
40264
7187
9164
1505
28083
37425
50845
156
15323
3636
2530
40417
58700
53792
24102
32589
15486
76189
18508
55277
34813
29160
5309
69975
29609
83145
25689
54
30148
5253
24102
50042
35880
1905
20056
2956
40679
324
56143
16502
86172
197
38339
1265
52553
30918
40182
134
34777
21444
20591
3403
20543
45110
38093
18070
678
44219
17414
31247
35037
18671
57250
30528
32688
3514
13566
39965
8682
5852
9114
28245
17158
14960
1476
20737
18633
42144
41404
60639
5799
371
82685
12934
22518
29260
32280
1657
9043
2384
31811
40756
11647
11813
14976
242
1152
2782
4199
67672
47295
22572
4769
13955
14589
15552
7920
25201
62866
16657
3067
32586
2924
43895
16999
39648
2056
19024
42412
30605
16309
14126
76761
20875
57368
4638
64637
18458
15707
8027
57849
24476
5439
55699
25070
52991
37392
6203
2695
23757
29331
29284
408
5673
13445
12087
3320
12394
3183
1922
9512
15595
92865
66537
416
975
49995
37243
98103
36377
8869
42029
37429
4699
65665
24224
5998
27281
69124
4791
6857
9430
9785
90032
3976
13792
64049
30218
30871
14276
79921
88382
1413
6389
19307
47714
9546
50073
19054
10315
59326
44348
4273
18251
64512
4803
35484
280
63071
20715
37182
63286
61160
53839
17978
35506
62204
85
7128
6129
38903
1279
2455
2042
35020
14080
69421
12591
64973
68652
49141
9631
38508
5445
40740
21845
57457
272
1558
32622
49176
12217
10157
515
14348
25514
50582
22966
14788
56734
65457
29424
46555
24284
27358
11290
40777
67702
25836
20714
7698
57136
40911
51861
54798
1608
9614
11872
85700
29411
13287
4848
56338
47937
58413
27110
2458
35938
23307
4844
20944
89345
19418
2212
46069
2364
1292
84006
34865
29337
15392
31571
1008
69566
5805
11150
212
435
6999
65065
22241
7254
50301
24200
6959
11079
52595
19797
257
25080
1966
18291
11601
45194
33481
32098
12391
31502
4688
12215
33516
28443
4489
1125
6955
2140
11431
1956
8482
7175
46
11832
42925
31560
3693
25966
4560
35546
44153
26800
71877
30801
42754
16140
40642
51173
5710
22954
19399
50562
4160
30045
4349
3692
32425
1938
57341
9521
30189
1736
2746
71766
2872
58727
33594
35284
18339
38664
3280
10186
53255
19623
13339
5335
1216
5425
3771
45340
28905
1976
1147
76213
25812
30241
10888
51863
18392
4133
16866
31581
32562
6406
7074
20007
44882
13342
62700
39428
515
22171
12383
914
12040
67480
17885
42062
5386
71265
7908
68290
13300
1136
5854
27966
1238
15969
12392
3269
29098
392
6852
75186
24966
25932
87698
21032
52347
7026
15797
20190
37133
23870
28662
57611
17869
23907
57159
77151
21930
55771
69499
14779
45076
2297
61584
9165
29194
21222
18091
13797
67143
3833
6277
14262
20093
820
14427
8585
11457
54720
7761
56853
18797
30913
44449
170
21462
27188
45401
56428
45096
3552
1204
15998
20020
5419
6709
543
68007
830
14148
43724
118
6470
74077
702
27908
16586
11873
16751
4281
23201
3997
50790
42419
7499
65449
41277
5793
15137
16050
59562
1545
2937
7796
46838
11885
22181
17829
19736
35030
35929
1141
20
15589
33
64999
59402
8543
18661
1280
39216
87892
6200
10188
38760
31749
70169
6509
2253
16449
12814
79
10799
55173
1518
6777
87099
2305
9045
6486
16701
4260
36143
41734
9257
27725
54033
37544
7762
13319
10380
62675
2292
61476
74362
70044
14104
527
12067
5319
96891
75379
4006
46799
37320
43913
59789
5659
604
20254
16272
2720
7401
4167
6644
77162
2006
30133
21297
36229
78345
3384
1945
31192
5574
14018
7243
34689
41602
10092
36411
14755
23568
12794
9149
21116
25048
9681
21770
6381
46761
2402
5947
14599
22470
64536
75614
15632
3793
37127
15389
40970
4222
5653
8774
4553
22754
33195
4726
4380
19343
11860
1648
59350
13081
11056
255
25699
4236
12754
85082
21146
6834
37007
37535
15030
2606
22783
3854
3983
115
2836
36639
11270
84469
15724
27978
81397
15770
74429
4218
8512
4549
6872
16476
18825
3256
2669
57936
62073
2107
8006
9896
14261
17381
25243
50345
27575
510
18678
65198
21649
28132
20476
26528
16003
26502
16957
5702
7560
52146
59758
1514
13515
76860
38262
56650
26427
15549
30896
57964
9998
827
3799
45169
52072
31215
27911
12782
1422
50355
5816
69073
7711
31045
192
28542
7077
4891
5185
37306
14368
63405
56795
13611
2339
41201
8977
20014
9663
28331
3732
61220
35419
18319
3848
31560
20803
33124
16797
61513
1216
3908
83342
1034
48439
4162
8223
54967
65003
13632
1132
8816
44819
29308
11500
47658
8744
26897
6942
17219
27859
27813
13850
66076
43163
34420
5560
33216
44461
10569
821
4262
5861
879
20403
12265
4971
3528
18505
51269
150
12744
27294
10688
2358
16532
4102
2979
19754
806
12462
9590
13272
13003
43437
1247
6041
25457
6955
31768
19905
53564
21552
35090
78433
9139
16690
6360
16944
30714
43000
42469
24867
5329
5218
22242
3978
27058
7058
3674
27625
9045
7275
1296
57174
8672
27757
22941
234
24042
7271
436
3381
4264
1726
22280
18108
52528
13858
6016
60923
11553
4152
7790
6937
40848
15383
17121
35895
3885
32944
65132
17215
36493
27811
40947
752
51731
84377
8975
6139
59857
2076
27255
12883
56783
12458
4618
16520
54919
89
629
37164
940
20334
7994
28019
2225
6694
12687
81984
61390
10227
8956
22504
27437
940
16534
40535
38891
51462
76095
25343
34445
7628
94112
37867
44271
1871
2940
12935
14516
21033
34859
38103
4784
26900
75456
56630
5983
23617
43254
3102
4862
2022
27165
24660
29364
9682
41347
43527
205
33508
7710
55161
4546
3593
2664
74243
18960
47500
22208
5602
54608
30921
57195
44393
86028
21640
21877
5940
2586
6059
13218
23782
15437
33312
1136
2356
1075
949
40199
10745
12016
24917
41566
1683
4337
1132
16164
71978
62809
16474
186
3308
61774
4023
88809
39333
61062
4528
18992
79262
56308
40708
26967
7365
5374
13001
7460
23575
38365
22737
32991
31924
60388
7856
15580
719
40974
41889
1670
6881
26900
33265
1546
44208
6244
6057
2246
43858
6764
14556
4099
64729
35465
63616
14133
7384
1083
408
16672
72585
143
23066
17029
18812
7018
14380
42580
12949
62104
50448
9478
47831
5005
3180
17353
26798
28354
33161
5978
3710
4982
79954
16529
7122
32956
50225
7706
33657
28223
90279
27848
91648
10642
5643
3374
11895
17367
34623
55567
41253
2298
26399
70548
2551
27749
33
18474
8956
7905
9388
12997
22110
2503
20677
4315
16446
70648
21235
31894
34131
43728
34456
6900
70536
3381
20391
21151
19723
42842
560
26118
3106
5427
14629
4489
21452
3979
15338
34085
10083
58518
5085
29530
29025
3416
64275
21413
11683
4778
24688
69693
8628
3624
28147
28998
36323
37793
47492
45693
19745
22762
1198
3407
42721
17712
10253
2172
14492
16876
13876
5906
11430
19519
41669
44938
41836
2256
23794
39523
12230
1599
44831
11101
37797
10134
8045
55110
37806
28571
31287
13455
2336
80447
1684
2493
2956
4431
11304
16426
20610
75706
1634
58610
36798
56581
51844
2297
13266
267
32059
7663
61813
52644
26069
279
12071
20878
45184
11074
43473
7012
6781
25110
48475
3047
27850
8302
1257
53856
52251
38600
76940
11479
1057
58120
40893
21576
58981
43341
34500
16841
14242
12098
41620
1047
23788
17948
275
3381
4159
33649
3153
28120
28615
28916
51228
496
2654
51935
3838
35672
60477
138
65000
11612
71975
338
3381
12602
18624
12541
52746
2201
34162
44598
46503
18206
55690
1035
22442
36545
11082
26130
59785
30697
20505
3115
29345
39591
71166
11819
4135
42279
19101
5370
7365
6246
12510
44207
4645
22061
5820
1607
39785
26488
515
26305
9672
32660
1367
30747
51561
2607
7108
2888
261
8198
53746
41980
964
1586
35237
5586
6567
3229
58684
17425
18010
30868
28146
33174
21124
21509
67157
37742
42822
8025
61311
26994
11757
2806
9597
225
84460
10073
28543
6853
2792
16621
9274
14891
7708
876
5073
50471
21111
17029
6054
9196
8856
2813
28471
86620
43182
24998
71874
3652
68378
28428
56914
57491
5662
39205
62328
56051
35010
17943
21543
5139
28685
13125
884
62376
25272
37886
28
7694
23312
4629
18271
4871
70943
10524
1267
7609
18623
4473
2975
14178
73709
15845
27197
15117
24933
43112
23416
21471
78451
5765
22357
3863
58839
26456
12187
23714
64068
7306
30835
36896
17132
10858
26731
23329
2873
5382
42692
27526
1472
3194
41734
12885
17154
15104
16939
2801
52676
36987
30603
75
19
26641
67210
4056
27280
58035
9471
19506
1793
86555
23428
26056
33980
5587
9872
4486
36399
16562
2825
9052
66604
8220
64859
10198
68830
39280
5660
9959
336
68833
1052
18696
27321
51659
17613
6860
60230
2457
26999
16581
965
27495
34146
41475
5478
81801
4014
37010
16226
1832
7553
30647
1798
4044
53084
80450
8071
5161
15315
66377
19317
20344
9889
56781
20340
45382
54224
12000
2885
4048
30162
35137
73728
39423
20235
44881
36000
243
13028
91271
264
20434
2121
73078
35902
1562
842
9160
23065
9004
30316
47495
1009
57580
41474
16076
1514
17913
51395
36173
28662
9656
1321
22563
37353
23363
20294
32763
2686
46444
47747
15518
11374
19226
22159
29817
78
93538
38402
17412
51197
39180
57117
62723
14735
2964
34992
579
714
21719
27731
1809
3357
25300
5856
14648
12386
61911
18158
50451
34471
527
24629
1382
6240
461
14376
24913
23985
43023
28903
9000
1314
6153
18176
4359
63046
46421
9780
21859
43443
8254
15320
56587
14028
19792
9920
7756
20281
48914
9231
31336
78954
6807
52768
36430
15865
44078
4228
28563
61274
38305
47985
18853
3832
1202
9381
2220
27468
42881
8523
18059
8246
731
11373
47983
18748
2808
96375
10808
14456
72174
16622
1630
13884
282
72734
61529
42238
49023
44304
54964
18333
22966
17581
20171
41007
41304
30921
56286
2845
15952
3411
68255
5493
63358
45733
1197
54421
8962
64550
18948
17020
26340
29388
5097
20621
15299
18958
41561
14020
1719
59063
28675
80638
20528
3198
14891
72283
43158
14261
54147
8906
45414
25265
15229
19628
38341
20615
932
77697
43142
24649
25353
45871
3189
56640
8476
40680
10905
5050
2768
32533
2088
38610
7242
53327
35610
3839
29309
9348
12985
15966
37217
27684
37294
47242
13970
6695
208
12955
47108
86500
22176
611
2047
35548
2830
15353
86283
1929
61437
7937
5383
3825
7274
14573
46081
46182
16902
56782
63143
15037
11518
18370
30034
2709
35519
17931
16791
28822
3361
5628
877
22578
14661
46291
1458
6764
18346
36573
7947
79233
7441
19435
37564
70
37720
7692
13637
17327
14991
36569
4220
50583
7670
82649
51942
5033
34714
2365
44923
16992
16611
53326
2158
4861
19489
57500
418
2547
83826
10336
34038
18377
35895
58565
30011
13002
75687
5985
24075
41578
11536
18220
60006
4575
